<?xml version="1.0" encoding="UTF-8"?>
<!-- Generated by org.testng.reporters.JUnitXMLReporter -->
<testsuite ignored="0" hostname="DESKTOP-GHQ916B" failures="0" tests="3" name="Default test" time="142.012" errors="0" timestamp="2024-01-29T18:59:51 IST">
  <testcase classname="entrata.EntrataTest" name="entrataLoginTest" time="117.562"/>
  <testcase classname="entrata.EntrataTest" name="verifyelementispresentornot" time="14.22"/>
  <testcase classname="entrata.EntrataTest" name="propertymanagerlogin" time="0.052"/>
</testsuite> <!-- Default test -->
