<?xml version="1.0" encoding="UTF-8"?>
<testng-results ignored="0" total="3" passed="3" failed="0" skipped="0">
  <reporter-output>
  </reporter-output>
  <suite started-at="2024-01-29T18:57:29 IST" name="Default suite" finished-at="2024-01-29T18:59:51 IST" duration-ms="142012">
    <groups>
    </groups>
    <test started-at="2024-01-29T18:57:29 IST" name="Default test" finished-at="2024-01-29T18:59:51 IST" duration-ms="142012">
      <class name="entrata.EntrataTest">
        <test-method is-config="true" signature="setup()[pri:0, instance:entrata.EntrataTest@f736069]" started-at="2024-01-29T18:57:29 IST" name="setup" finished-at="2024-01-29T18:57:37 IST" duration-ms="8358" status="PASS">
          <reporter-output>
          </reporter-output>
        </test-method> <!-- setup -->
        <test-method signature="entrataLoginTest()[pri:1, instance:entrata.EntrataTest@f736069]" started-at="2024-01-29T18:57:37 IST" name="entrataLoginTest" finished-at="2024-01-29T18:59:35 IST" duration-ms="117562" status="PASS">
          <reporter-output>
          </reporter-output>
        </test-method> <!-- entrataLoginTest -->
        <test-method signature="verifyelementispresentornot()[pri:2, instance:entrata.EntrataTest@f736069]" started-at="2024-01-29T18:59:35 IST" name="verifyelementispresentornot" finished-at="2024-01-29T18:59:49 IST" duration-ms="14220" status="PASS">
          <reporter-output>
          </reporter-output>
        </test-method> <!-- verifyelementispresentornot -->
        <test-method signature="propertymanagerlogin()[pri:3, instance:entrata.EntrataTest@f736069]" started-at="2024-01-29T18:59:49 IST" name="propertymanagerlogin" finished-at="2024-01-29T18:59:49 IST" duration-ms="52" status="PASS">
          <reporter-output>
          </reporter-output>
        </test-method> <!-- propertymanagerlogin -->
        <test-method is-config="true" signature="tear()[pri:0, instance:entrata.EntrataTest@f736069]" started-at="2024-01-29T18:59:49 IST" name="tear" finished-at="2024-01-29T18:59:51 IST" duration-ms="1605" status="PASS">
          <reporter-output>
          </reporter-output>
        </test-method> <!-- tear -->
      </class> <!-- entrata.EntrataTest -->
    </test> <!-- Default test -->
  </suite> <!-- Default suite -->
</testng-results>
